<?xml version="1.0" encoding="UTF-8"?>
<!-- Generated by org.testng.reporters.JUnitReportReporter -->
<testsuite hostname="sf-cpu-558" failures="0" tests="2" name="toolsqa_tests.Webtables_Test" time="2.920" errors="0" timestamp="2023-09-06T20:45:12 IST" skipped="0">
  <testcase classname="toolsqa_tests.Webtables_Test" name="ClickonAddbtn" time="0.122"/>
  <testcase classname="toolsqa_tests.Webtables_Test" name="filldetails" time="2.798"/>
</testsuite> <!-- toolsqa_tests.Webtables_Test -->
