<?xml version="1.0" encoding="UTF-8"?>
<!-- Generated by org.testng.reporters.JUnitReportReporter -->
<testsuite hostname="sf-cpu-558" failures="0" tests="2" name="toolsqa_tests.Frames_test" time="0.533" errors="0" timestamp="2023-09-06T18:58:03 IST" skipped="0">
  <testcase classname="toolsqa_tests.Frames_test" name="ClickOnAlert" time="0.121"/>
  <testcase classname="toolsqa_tests.Frames_test" name="ClickOnFrame" time="0.412"/>
</testsuite> <!-- toolsqa_tests.Frames_test -->
