<?xml version="1.0" encoding="UTF-8"?>
<!-- Generated by org.testng.reporters.JUnitReportReporter -->
<testsuite hostname="sf-cpu-558" failures="0" tests="3" name="toolsqa_tests.Links_test" time="0.493" errors="0" timestamp="2023-09-08T15:27:19 IST" skipped="0">
  <testcase classname="toolsqa_tests.Links_test" name="ClickOnElementsbtn" time="0.121"/>
  <testcase classname="toolsqa_tests.Links_test" name="ClickOnHomeLink" time="0.155"/>
  <testcase classname="toolsqa_tests.Links_test" name="ClickOnDynamicLink" time="0.217"/>
</testsuite> <!-- toolsqa_tests.Links_test -->
