<?xml version="1.0" encoding="UTF-8"?>
<!-- Generated by org.testng.reporters.JUnitReportReporter -->
<testsuite hostname="sf-cpu-558" failures="0" tests="2" name="toolsqa_tests.Nested_Frame_test" time="0.424" errors="0" timestamp="2023-09-06T19:32:48 IST" skipped="0">
  <testcase classname="toolsqa_tests.Nested_Frame_test" name="ClickOnAlert" time="0.118"/>
  <testcase classname="toolsqa_tests.Nested_Frame_test" name="ClickOnFrame" time="0.306"/>
</testsuite> <!-- toolsqa_tests.Nested_Frame_test -->
