<?xml version="1.0" encoding="UTF-8"?>
<!-- Generated by org.testng.reporters.JUnitReportReporter -->
<testsuite hostname="sf-cpu-558" failures="0" tests="1" name="toolsqa_tests.Buttons_test" time="3.878" errors="0" timestamp="2023-09-01T18:34:19 IST" skipped="0">
  <testcase classname="toolsqa_tests.Buttons_test" name="ClickOnButtons" time="3.878"/>
</testsuite> <!-- toolsqa_tests.Buttons_test -->
