<?xml version="1.0" encoding="UTF-8"?>
<!-- Generated by org.testng.reporters.JUnitReportReporter -->
<testsuite hostname="sf-cpu-558" failures="0" tests="3" name="toolsqa_tests.UploadDownload_test" time="0.994" errors="0" timestamp="2023-09-05T12:43:34 IST" skipped="0">
  <testcase classname="toolsqa_tests.UploadDownload_test" name="ClickonElementbtn" time="0.451"/>
  <testcase classname="toolsqa_tests.UploadDownload_test" name="ClickonDownload" time="0.267"/>
  <testcase classname="toolsqa_tests.UploadDownload_test" name="Clickonuploadbtn" time="0.276"/>
</testsuite> <!-- toolsqa_tests.UploadDownload_test -->
