<?xml version="1.0" encoding="UTF-8"?>
<!-- Generated by org.testng.reporters.JUnitReportReporter -->
<testsuite hostname="sf-cpu-558" failures="0" tests="2" name="toolsqa_tests.Widgets_test" time="0.214" errors="0" timestamp="2023-09-08T16:09:05 IST" skipped="0">
  <testcase classname="toolsqa_tests.Widgets_test" name="ClickOnWidgets" time="0.114"/>
  <testcase classname="toolsqa_tests.Widgets_test" name="GetHeadingsText" time="0.100"/>
</testsuite> <!-- toolsqa_tests.Widgets_test -->
