<?xml version="1.0" encoding="UTF-8"?>
<!-- Generated by org.testng.reporters.JUnitReportReporter -->
<testsuite hostname="sf-cpu-558" failures="0" tests="2" name="toolsqa_tests.Form_test" time="10.770" errors="0" timestamp="2023-09-13T12:07:22 IST" skipped="0">
  <testcase classname="toolsqa_tests.Form_test" name="ClickOnFormBtn" time="0.334"/>
  <testcase classname="toolsqa_tests.Form_test" name="FillForm" time="10.436"/>
</testsuite> <!-- toolsqa_tests.Form_test -->
