<?xml version="1.0" encoding="UTF-8"?>
<!-- Generated by org.testng.reporters.JUnitReportReporter -->
<testsuite hostname="sf-cpu-558" failures="0" tests="2" name="toolsqa_tests.ModalDialogs_test" time="0.403" errors="0" timestamp="2023-09-08T13:41:11 IST" skipped="0">
  <testcase classname="toolsqa_tests.ModalDialogs_test" name="ClickOnAlertbtn" time="0.105"/>
  <testcase classname="toolsqa_tests.ModalDialogs_test" name="ClickOnModels" time="0.298"/>
</testsuite> <!-- toolsqa_tests.ModalDialogs_test -->
