<?xml version="1.0" encoding="UTF-8"?>
<!-- Generated by org.testng.reporters.JUnitReportReporter -->
<testsuite hostname="sf-cpu-558" failures="0" tests="3" name="toolsqa_tests.Alearts_test" time="5.476" errors="0" timestamp="2023-09-06T18:31:07 IST" skipped="0">
  <testcase classname="toolsqa_tests.Alearts_test" name="ClickOnAlert" time="0.106"/>
  <testcase classname="toolsqa_tests.Alearts_test" name="ClickOnSeealert" time="5.226"/>
  <testcase classname="toolsqa_tests.Alearts_test" name="ClickOnConfirmalert" time="0.144"/>
</testsuite> <!-- toolsqa_tests.Alearts_test -->
